<?xml version="1.0" encoding="UTF-8"?>
<testng-results ignored="0" total="1" passed="1" failed="0" skipped="0">
  <reporter-output>
  </reporter-output>
  <suite started-at="2023-11-15T10:03:07 BDT" name="Default suite" finished-at="2023-11-15T10:03:09 BDT" duration-ms="2273">
    <groups>
    </groups>
    <test started-at="2023-11-15T10:03:07 BDT" name="Default test" finished-at="2023-11-15T10:03:09 BDT" duration-ms="2273">
      <class name="testCases.testDriver">
        <test-method is-config="true" signature="setBrowser()[pri:0, instance:testCases.testDriver@3e2055d6]" started-at="2023-11-15T10:03:00 BDT" name="setBrowser" finished-at="2023-11-15T10:03:07 BDT" duration-ms="6786" status="PASS">
          <reporter-output>
          </reporter-output>
        </test-method> <!-- setBrowser -->
        <test-method signature="testHomePageTitle()[pri:0, instance:testCases.testDriver@3e2055d6]" started-at="2023-11-15T10:03:07 BDT" name="testHomePageTitle" finished-at="2023-11-15T10:03:09 BDT" duration-ms="2205" status="PASS">
          <reporter-output>
          </reporter-output>
        </test-method> <!-- testHomePageTitle -->
        <test-method is-config="true" signature="quiteBrowser()[pri:0, instance:testCases.testDriver@3e2055d6]" started-at="2023-11-15T10:03:09 BDT" name="quiteBrowser" finished-at="2023-11-15T10:03:10 BDT" duration-ms="752" status="PASS">
          <reporter-output>
          </reporter-output>
        </test-method> <!-- quiteBrowser -->
      </class> <!-- testCases.testDriver -->
    </test> <!-- Default test -->
  </suite> <!-- Default suite -->
</testng-results>
